{"version":8,"type":"context-options","origin":"library","browserName":"chromium","playwrightVersion":"1.57.0","options":{"noDefaultViewport":false,"viewport":{"width":1280,"height":720},"ignoreHTTPSErrors":false,"javaScriptEnabled":true,"bypassCSP":false,"userAgent":"Mozilla/5.0 (Windows NT 10.0; Win64; x64) AppleWebKit/537.36 (KHTML, like Gecko) Chrome/143.0.7499.4 Safari/537.36","locale":"en-US","extraHTTPHeaders":[{"name":"X-Test-Environment","value":"development"}],"offline":false,"deviceScaleFactor":1,"isMobile":false,"hasTouch":false,"colorScheme":"light","acceptDownloads":"accept","baseURL":"http://localhost:5173","recordVideo":{"dir":"/home/tahopetis/dev/archzero/e2e/session01-results/.playwright-artifacts-198","size":{"width":800,"height":450}},"serviceWorkers":"allow","selectorEngines":[],"testIdAttributeName":"data-testid","storageState":{"cookies":[],"origins":[{"origin":"http://localhost:5173","localStorage":[{"name":"access_token","value":"eyJ0eXAiOiJKV1QiLCJhbGciOiJIUzI1NiJ9.eyJzdWIiOiIwYTM2YmRmZS02Yzk5LTRiOWYtOTU1OC0zMjVkMDJhYWMyMmIiLCJlbWFpbCI6ImFkbWluQGFyY2h6ZXJvLmxvY2FsIiwicm9sZSI6ImFkbWluIiwiZXhwIjoyMDc5NDUxNzc4fQ.RRlztByLaJPBIkiCuiKI62gWU7Y0XUr6F9DzlPtfktg"},{"name":"user","value":"{\"email\":\"admin@archzero.local\",\"role\":\"admin\",\"id\":\"0a36bdfe-6c99-4b9f-9558-325d02aac22b\",\"full_name\":\"System Administrator\"}"}]}]}},"platform":"linux","wallTime":1768413777356,"monotonicTime":1977162.276,"sdkLanguage":"javascript","testIdAttributeName":"data-testid","contextId":"browser-context@60e2af3b96df6947ca5cc9d0c9dac400","title":"relationships/relationships.spec.ts:287 › Dependency Chain Analysis › should show downstream dependencies"}
{"type":"before","callId":"call@15","startTime":1977176.306,"class":"BrowserContext","method":"newPage","params":{},"stepId":"pw:api@84","beforeSnapshot":"before@call@15"}
{"type":"event","time":1977231.08,"class":"BrowserContext","method":"page","params":{"pageId":"page@ab72e1ac5677747aa625ddc8016c1e08"}}
{"type":"after","callId":"call@15","endTime":1977231.241,"result":{"page":"<Page>"},"afterSnapshot":"after@call@15"}
{"type":"before","callId":"call@17","startTime":1977240.008,"class":"APIRequestContext","method":"fetch","params":{"url":"http://localhost:3000/api/v1/auth/login","method":"POST","jsonData":"{\"email\":\"admin@archzero.local\",\"password\":\"changeme123\"}","timeout":10000},"stepId":"pw:api@85","beforeSnapshot":"before@call@17"}
{"type":"log","callId":"call@17","time":1977242.953,"message":"→ POST http://localhost:3000/api/v1/auth/login"}
{"type":"log","callId":"call@17","time":1977242.992,"message":"  user-agent: Mozilla/5.0 (Windows NT 10.0; Win64; x64) AppleWebKit/537.36 (KHTML, like Gecko) Chrome/143.0.7499.4 Safari/537.36"}
{"type":"log","callId":"call@17","time":1977243.003,"message":"  accept: */*"}
{"type":"log","callId":"call@17","time":1977243.013,"message":"  accept-encoding: gzip,deflate,br"}
{"type":"log","callId":"call@17","time":1977243.022,"message":"  X-Test-Environment: development"}
{"type":"log","callId":"call@17","time":1977243.031,"message":"  content-type: application/json"}
{"type":"log","callId":"call@17","time":1977243.039,"message":"  content-length: 57"}
{"type":"screencast-frame","pageId":"page@ab72e1ac5677747aa625ddc8016c1e08","sha1":"page@ab72e1ac5677747aa625ddc8016c1e08-1768413777476.jpeg","width":1280,"height":720,"timestamp":1977281.658,"frameSwapWallTime":1768413777468.503}
{"type":"log","callId":"call@17","time":1978700.508,"message":"← 200 OK"}
{"type":"log","callId":"call@17","time":1978700.529,"message":"  content-type: application/json"}
{"type":"log","callId":"call@17","time":1978700.538,"message":"  strict-transport-security: max-age=31536000; includeSubDomains; preload"}
{"type":"log","callId":"call@17","time":1978700.545,"message":"  x-frame-options: DENY"}
{"type":"log","callId":"call@17","time":1978700.55,"message":"  x-content-type-options: nosniff"}
{"type":"log","callId":"call@17","time":1978700.556,"message":"  content-security-policy: default-src 'self'; script-src 'self' 'unsafe-inline' 'unsafe-eval'; style-src 'self' 'unsafe-inline'; img-src 'self' data: https:; font-src 'self' data:; connect-src 'self'; frame-ancestors 'none'; base-uri 'self'; form-action 'self';"}
{"type":"log","callId":"call@17","time":1978700.561,"message":"  x-xss-protection: 1; mode=block"}
{"type":"log","callId":"call@17","time":1978700.566,"message":"  referrer-policy: strict-origin-when-cross-origin"}
{"type":"log","callId":"call@17","time":1978700.572,"message":"  permissions-policy: geolocation=(), microphone=(), camera=(), payment=(), usb=(), magnetometer=(), gyroscope=(), accelerometer=()"}
{"type":"log","callId":"call@17","time":1978700.577,"message":"  cross-origin-opener-policy: same-origin"}
{"type":"log","callId":"call@17","time":1978700.582,"message":"  cross-origin-resource-policy: same-origin"}
{"type":"log","callId":"call@17","time":1978700.587,"message":"  cache-control: no-store, no-cache, must-revalidate, private"}
{"type":"log","callId":"call@17","time":1978700.592,"message":"  pragma: no-cache"}
{"type":"log","callId":"call@17","time":1978700.597,"message":"  vary: origin, access-control-request-method, access-control-request-headers"}
{"type":"log","callId":"call@17","time":1978700.602,"message":"  access-control-allow-origin: *"}
{"type":"log","callId":"call@17","time":1978700.607,"message":"  access-control-expose-headers: *"}
{"type":"log","callId":"call@17","time":1978700.612,"message":"  content-length: 459"}
{"type":"log","callId":"call@17","time":1978700.616,"message":"  date: Wed, 14 Jan 2026 18:02:58 GMT"}
{"type":"after","callId":"call@17","endTime":1978700.767,"result":{"response":{"url":"http://localhost:3000/api/v1/auth/login","status":200,"statusText":"OK","headers":[{"name":"content-type","value":"application/json"},{"name":"strict-transport-security","value":"max-age=31536000; includeSubDomains; preload"},{"name":"x-frame-options","value":"DENY"},{"name":"x-content-type-options","value":"nosniff"},{"name":"content-security-policy","value":"default-src 'self'; script-src 'self' 'unsafe-inline' 'unsafe-eval'; style-src 'self' 'unsafe-inline'; img-src 'self' data: https:; font-src 'self' data:; connect-src 'self'; frame-ancestors 'none'; base-uri 'self'; form-action 'self';"},{"name":"x-xss-protection","value":"1; mode=block"},{"name":"referrer-policy","value":"strict-origin-when-cross-origin"},{"name":"permissions-policy","value":"geolocation=(), microphone=(), camera=(), payment=(), usb=(), magnetometer=(), gyroscope=(), accelerometer=()"},{"name":"cross-origin-opener-policy","value":"same-origin"},{"name":"cross-origin-resource-policy","value":"same-origin"},{"name":"cache-control","value":"no-store, no-cache, must-revalidate, private"},{"name":"pragma","value":"no-cache"},{"name":"vary","value":"origin, access-control-request-method, access-control-request-headers"},{"name":"access-control-allow-origin","value":"*"},{"name":"access-control-expose-headers","value":"*"},{"name":"content-length","value":"459"},{"name":"date","value":"Wed, 14 Jan 2026 18:02:58 GMT"}],"fetchUid":"4c0a11d47ad7cd741bb7b4bbf15d0d4b"}},"afterSnapshot":"after@call@17"}
{"type":"before","callId":"call@20","startTime":1978706.176,"class":"Frame","method":"goto","params":{"url":"/","timeout":30000,"waitUntil":"load"},"stepId":"pw:api@86","pageId":"page@ab72e1ac5677747aa625ddc8016c1e08","beforeSnapshot":"before@call@20"}
{"type":"frame-snapshot","snapshot":{"callId":"call@20","snapshotName":"before@call@20","pageId":"page@ab72e1ac5677747aa625ddc8016c1e08","frameId":"frame@6ea7d106647e0bef6a2003fa4b766aae","frameUrl":"about:blank","html":["HTML",{},["HEAD",{},["BASE",{"href":"about:blank"}]],["BODY"]],"viewport":{"width":1280,"height":720},"timestamp":1978711.486,"wallTime":1768413778905,"collectionTime":1.9000000953674316,"resourceOverrides":[],"isMainFrame":true}}
{"type":"log","callId":"call@20","time":1978713.503,"message":"navigating to \"http://localhost:5173/\", waiting until \"load\""}
{"type":"screencast-frame","pageId":"page@ab72e1ac5677747aa625ddc8016c1e08","sha1":"page@ab72e1ac5677747aa625ddc8016c1e08-1768413778985.jpeg","width":1280,"height":720,"timestamp":1978790.833,"frameSwapWallTime":1768413778960.657}
{"type":"event","time":1978839.851,"class":"BrowserContext","method":"pageClosed","params":{"pageId":"page@ab72e1ac5677747aa625ddc8016c1e08"}}
{"type":"after","callId":"call@20","endTime":1978844.563,"error":{"message":"Target page, context or browser has been closed","stack":"TargetClosedError:Target page, context or browser has been closed\nError: \n    at captureRawStack (/home/tahopetis/dev/archzero/e2e/node_modules/playwright-core/lib/utils/isomorphic/stackTrace.js:32:17)\n    at LongStandingScope._race (/home/tahopetis/dev/archzero/e2e/node_modules/playwright-core/lib/utils/isomorphic/manualPromise.js:87:58)\n    at LongStandingScope.race (/home/tahopetis/dev/archzero/e2e/node_modules/playwright-core/lib/utils/isomorphic/manualPromise.js:80:17)\n    at /home/tahopetis/dev/archzero/e2e/node_modules/playwright-core/lib/utils/isomorphic/manualPromise.js:77:45\n    at Array.map (<anonymous>)\n    at LongStandingScope.raceMultiple (/home/tahopetis/dev/archzero/e2e/node_modules/playwright-core/lib/utils/isomorphic/manualPromise.js:77:32)\n    at Frame.raceNavigationAction (/home/tahopetis/dev/archzero/e2e/node_modules/playwright-core/lib/server/frames.js:480:43)\n    at Frame.goto (/home/tahopetis/dev/archzero/e2e/node_modules/playwright-core/lib/server/frames.js:505:17)\n    at FrameDispatcher.goto (/home/tahopetis/dev/archzero/e2e/node_modules/playwright-core/lib/server/dispatchers/frameDispatcher.js:70:132)\n    at /home/tahopetis/dev/archzero/e2e/node_modules/playwright-core/lib/server/dispatchers/dispatcher.js:95:61\n    at ProgressController.run (/home/tahopetis/dev/archzero/e2e/node_modules/playwright-core/lib/server/progress.js:78:28)\n    at FrameDispatcher._runCommand (/home/tahopetis/dev/archzero/e2e/node_modules/playwright-core/lib/server/dispatchers/dispatcher.js:95:31)\n    at DispatcherConnection.dispatch (/home/tahopetis/dev/archzero/e2e/node_modules/playwright-core/lib/server/dispatchers/dispatcher.js:329:39)","name":"TargetClosedError"},"afterSnapshot":"after@call@20"}
