{"version":8,"type":"context-options","origin":"library","browserName":"","playwrightVersion":"1.57.0","options":{},"platform":"linux","wallTime":1768413766782,"monotonicTime":1966587.605,"sdkLanguage":"javascript","contextId":"request-context@4025eebc214ab2993e61ad7f887ee8e8","title":"relationships/relationships.spec.ts:861 › Impact Analysis › @regression should analyze single point of failure"}
{"type":"before","callId":"call@5","startTime":1966598.212,"class":"APIRequestContext","method":"fetch","params":{"url":"http://localhost:3000/api/v1/auth/login","method":"POST","jsonData":"{\"email\":\"admin@archzero.local\",\"password\":\"changeme123\"}","timeout":10000},"stepId":"pw:api@26","beforeSnapshot":"before@call@5"}
{"type":"log","callId":"call@5","time":1966615.057,"message":"→ POST http://localhost:3000/api/v1/auth/login"}
{"type":"log","callId":"call@5","time":1966615.124,"message":"  user-agent: Mozilla/5.0 (Windows NT 10.0; Win64; x64) AppleWebKit/537.36 (KHTML, like Gecko) Chrome/143.0.7499.4 Safari/537.36"}
{"type":"log","callId":"call@5","time":1966615.138,"message":"  accept: */*"}
{"type":"log","callId":"call@5","time":1966615.168,"message":"  accept-encoding: gzip,deflate,br"}
{"type":"log","callId":"call@5","time":1966615.178,"message":"  X-Test-Environment: development"}
{"type":"log","callId":"call@5","time":1966615.186,"message":"  content-type: application/json"}
{"type":"log","callId":"call@5","time":1966615.204,"message":"  content-length: 57"}
{"type":"log","callId":"call@5","time":1969614.965,"message":"← 200 OK"}
{"type":"log","callId":"call@5","time":1969615.055,"message":"  content-type: application/json"}
{"type":"log","callId":"call@5","time":1969615.107,"message":"  strict-transport-security: max-age=31536000; includeSubDomains; preload"}
{"type":"log","callId":"call@5","time":1969615.163,"message":"  x-frame-options: DENY"}
{"type":"log","callId":"call@5","time":1969615.185,"message":"  x-content-type-options: nosniff"}
{"type":"log","callId":"call@5","time":1969615.196,"message":"  content-security-policy: default-src 'self'; script-src 'self' 'unsafe-inline' 'unsafe-eval'; style-src 'self' 'unsafe-inline'; img-src 'self' data: https:; font-src 'self' data:; connect-src 'self'; frame-ancestors 'none'; base-uri 'self'; form-action 'self';"}
{"type":"log","callId":"call@5","time":1969615.214,"message":"  x-xss-protection: 1; mode=block"}
{"type":"log","callId":"call@5","time":1969615.239,"message":"  referrer-policy: strict-origin-when-cross-origin"}
{"type":"log","callId":"call@5","time":1969615.25,"message":"  permissions-policy: geolocation=(), microphone=(), camera=(), payment=(), usb=(), magnetometer=(), gyroscope=(), accelerometer=()"}
{"type":"log","callId":"call@5","time":1969615.26,"message":"  cross-origin-opener-policy: same-origin"}
{"type":"log","callId":"call@5","time":1969615.29,"message":"  cross-origin-resource-policy: same-origin"}
{"type":"log","callId":"call@5","time":1969615.302,"message":"  cache-control: no-store, no-cache, must-revalidate, private"}
{"type":"log","callId":"call@5","time":1969615.312,"message":"  pragma: no-cache"}
{"type":"log","callId":"call@5","time":1969615.342,"message":"  vary: origin, access-control-request-method, access-control-request-headers"}
{"type":"log","callId":"call@5","time":1969615.354,"message":"  access-control-allow-origin: *"}
{"type":"log","callId":"call@5","time":1969615.364,"message":"  access-control-expose-headers: *"}
{"type":"log","callId":"call@5","time":1969615.417,"message":"  content-length: 459"}
{"type":"log","callId":"call@5","time":1969615.438,"message":"  date: Wed, 14 Jan 2026 18:02:49 GMT"}
{"type":"after","callId":"call@5","endTime":1969615.857,"result":{"response":{"url":"http://localhost:3000/api/v1/auth/login","status":200,"statusText":"OK","headers":[{"name":"content-type","value":"application/json"},{"name":"strict-transport-security","value":"max-age=31536000; includeSubDomains; preload"},{"name":"x-frame-options","value":"DENY"},{"name":"x-content-type-options","value":"nosniff"},{"name":"content-security-policy","value":"default-src 'self'; script-src 'self' 'unsafe-inline' 'unsafe-eval'; style-src 'self' 'unsafe-inline'; img-src 'self' data: https:; font-src 'self' data:; connect-src 'self'; frame-ancestors 'none'; base-uri 'self'; form-action 'self';"},{"name":"x-xss-protection","value":"1; mode=block"},{"name":"referrer-policy","value":"strict-origin-when-cross-origin"},{"name":"permissions-policy","value":"geolocation=(), microphone=(), camera=(), payment=(), usb=(), magnetometer=(), gyroscope=(), accelerometer=()"},{"name":"cross-origin-opener-policy","value":"same-origin"},{"name":"cross-origin-resource-policy","value":"same-origin"},{"name":"cache-control","value":"no-store, no-cache, must-revalidate, private"},{"name":"pragma","value":"no-cache"},{"name":"vary","value":"origin, access-control-request-method, access-control-request-headers"},{"name":"access-control-allow-origin","value":"*"},{"name":"access-control-expose-headers","value":"*"},{"name":"content-length","value":"459"},{"name":"date","value":"Wed, 14 Jan 2026 18:02:49 GMT"}],"fetchUid":"66cb899e4f1b546785aa8003f7be8c2f"}},"afterSnapshot":"after@call@5"}
